2025-07-11 11:56:13,056 - database - INFO - Database initialized successfully.
2025-07-11 11:57:52,360 - database - INFO - Database initialized successfully.
2025-07-11 11:58:01,108 - WARNING - app - 404 Not Found: Requested path: /
2025-07-11 11:58:01,258 - WARNING - app - Not Found: Attempted redirection for non-existent shortcode: favicon.ico
2025-07-11 12:03:56,082 - database - INFO - Database initialized successfully.
2025-07-11 12:04:20,473 - WARNING - app - 404 Not Found: Requested path: /
2025-07-11 12:09:28,109 - WARNING - app - 404 Not Found: Requested path: /
2025-07-11 12:10:15,690 - WARNING - app - Not Found: Attempted redirection for non-existent shortcode: shorturls
2025-07-11 12:10:21,611 - WARNING - app - Not Found: Attempted redirection for non-existent shortcode: shorturls
2025-07-11 12:11:54,350 - WARNING - app - Not Found: Statistics requested for non-existent shortcode: testpage
2025-07-11 12:13:37,047 - INFO - app - Short URL created successfully: 'testpage' for 'https://www.example.com/my-test-page'
2025-07-11 12:14:10,491 - INFO - app - Statistics retrieved for shortcode: testpage
2025-07-11 12:15:51,668 - INFO - app - Statistics retrieved for shortcode: testpage
2025-07-11 12:15:58,017 - WARNING - app - Not Found: Attempted redirection for non-existent shortcode: shorturls
2025-07-11 12:17:20,679 - INFO - app - Statistics retrieved for shortcode: testpage
2025-07-11 12:17:42,230 - WARNING - app - Not Found: Attempted redirection for non-existent shortcode: shorturls
2025-07-11 12:17:43,124 - WARNING - app - Not Found: Attempted redirection for non-existent shortcode: shorturls
2025-07-11 12:19:24,659 - INFO - app - Short URL created successfully: 'mypage' for 'https://www.example.com/another-test-page'
2025-07-11 12:19:31,429 - WARNING - app - Not Found: Attempted redirection for non-existent shortcode: shorturls
2025-07-11 12:19:32,316 - WARNING - app - Not Found: Attempted redirection for non-existent shortcode: shorturls
2025-07-11 12:19:32,539 - WARNING - app - Not Found: Attempted redirection for non-existent shortcode: shorturls
2025-07-11 12:21:46,426 - INFO - app - Short URL created successfully: 'mycustomshort' for 'https://www.example.com/your-long-website-address'
2025-07-11 12:21:58,519 - WARNING - app - Not Found: Attempted redirection for non-existent shortcode: shorturls
2025-07-11 12:21:59,409 - WARNING - app - Not Found: Attempted redirection for non-existent shortcode: shorturls
2025-07-11 12:22:05,499 - INFO - app - Statistics retrieved for shortcode: testpage
2025-07-11 12:22:47,364 - WARNING - app - Not Found: Statistics requested for non-existent shortcode: mytestpage
2025-07-11 12:22:58,444 - INFO - app - Statistics retrieved for shortcode: testpage
